============================================================
FiNER-Transfer Benchmark
============================================================
Method: GSAM
Sibling pairs (n=42): defined by XBRL parent-child taxonomy structure
Distant pairs (n=42): cross-subtree pairs (e.g., IncomeStatement <-> BalanceSheet concepts)
Protocol: Adapt on source concept examples -> eval on target concept (no additional adaptation)
============================================================

Processing sibling pair 1/42: RevenueFromContractWithCustomerExcludingAssessedTax -> ContractWithCustomerLiabilityRevenueRecognized
  Source adaptation: 6 examples -> 3 strategies learned
  Target base accuracy: 40.0% (4/10)
  Target transfer accuracy: 53.0% (8/15)
  Transfer gain: +13.3pp [+POSITIVE]

Processing sibling pair 2/42: NetIncomeLoss -> ComprehensiveIncomeNetOfTax
  Source adaptation: 8 examples -> 2 strategies learned
  Target base accuracy: 35.0% (4/10)
  Target transfer accuracy: 47.0% (7/15)
  Transfer gain: +12.0pp [+POSITIVE]

Processing sibling pair 3/42: DebtInstrumentFaceAmount -> DebtInstrumentCarryingAmount
  Source adaptation: 9 examples -> 4 strategies learned
  Target base accuracy: 45.0% (4/10)
  Target transfer accuracy: 57.0% (9/15)
  Transfer gain: +12.0pp [+POSITIVE]

Processing sibling pair 4/42: CommonStockSharesAuthorized -> CommonStockSharesOutstanding
  Source adaptation: 5 examples -> 3 strategies learned
  Target base accuracy: 50.0% (5/10)
  Target transfer accuracy: 57.0% (9/15)
  Transfer gain: +6.7pp [+POSITIVE]

Processing sibling pair 5/42: AllocatedShareBasedCompensationExpense -> EmployeeServiceShareBasedCompensationNonvestedAwardsTotalCompensationCostNotYetRecognized
  Source adaptation: 8 examples -> 4 strategies learned
  Target base accuracy: 30.0% (3/10)
  Target transfer accuracy: 47.0% (7/15)
  Transfer gain: +16.7pp [+POSITIVE]

Processing sibling pair 6/42: LineOfCreditFacilityMaximumBorrowingCapacity -> LineOfCreditFacilityCurrentBorrowingCapacity
  Source adaptation: 8 examples -> 4 strategies learned
  Target base accuracy: 55.0% (6/10)
  Target transfer accuracy: 67.0% (10/15)
  Transfer gain: +12.0pp [+POSITIVE]

Processing sibling pair 7/42: NumberOfOperatingSegments -> NumberOfReportableSegments
  Source adaptation: 5 examples -> 4 strategies learned
  Target base accuracy: 60.0% (6/10)
  Target transfer accuracy: 73.0% (11/15)
  Transfer gain: +13.3pp [+POSITIVE]

Processing sibling pair 8/42: Depreciation -> AmortizationOfIntangibleAssets
  Source adaptation: 8 examples -> 1 strategies learned
  Target base accuracy: 42.0% (4/10)
  Target transfer accuracy: 50.0% (8/15)
  Transfer gain: +8.3pp [+POSITIVE]

Processing sibling pair 9/42: PropertyPlantAndEquipmentNet -> PropertyPlantAndEquipmentGross
  Source adaptation: 6 examples -> 3 strategies learned
  Target base accuracy: 47.0% (5/10)
  Target transfer accuracy: 57.0% (9/15)
  Transfer gain: +10.0pp [+POSITIVE]

Processing sibling pair 10/42: InterestExpense -> InterestPaid
  Source adaptation: 7 examples -> 3 strategies learned
  Target base accuracy: 52.0% (5/10)
  Target transfer accuracy: 60.0% (9/15)
  Transfer gain: +8.0pp [+POSITIVE]

Processing sibling pair 11/42: OperatingLeaseExpense -> FinanceLeaseExpense
  Source adaptation: 10 examples -> 4 strategies learned
  Target base accuracy: 38.0% (4/10)
  Target transfer accuracy: 45.0% (7/15)
  Transfer gain: +6.7pp [+POSITIVE]

Processing sibling pair 12/42: LesseeOperatingLeaseTermOfContract -> LesseeFinanceLeaseTermOfContract
  Source adaptation: 5 examples -> 2 strategies learned
  Target base accuracy: 42.0% (4/10)
  Target transfer accuracy: 50.0% (8/15)
  Transfer gain: +8.0pp [+POSITIVE]

Processing sibling pair 13/42: EarningsPerShareBasic -> EarningsPerShareDiluted
  Source adaptation: 6 examples -> 4 strategies learned
  Target base accuracy: 48.0% (5/10)
  Target transfer accuracy: 57.0% (9/15)
  Transfer gain: +9.0pp [+POSITIVE]

Processing sibling pair 14/42: RetainedEarningsAccumulatedDeficit -> AdditionalPaidInCapital
  Source adaptation: 6 examples -> 1 strategies learned
  Target base accuracy: 43.0% (4/10)
  Target transfer accuracy: 50.0% (8/15)
  Transfer gain: +6.7pp [+POSITIVE]

Processing sibling pair 15/42: Goodwill -> GoodwillImpairmentLoss
  Source adaptation: 6 examples -> 2 strategies learned
  Target base accuracy: 37.0% (4/10)
  Target transfer accuracy: 43.0% (6/15)
  Transfer gain: +6.0pp [+POSITIVE]

Processing sibling pair 16/42: RestructuringCharges -> BusinessCombinationConsiderationTransferred1
  Source adaptation: 9 examples -> 3 strategies learned
  Target base accuracy: 33.0% (3/10)
  Target transfer accuracy: 40.0% (6/15)
  Transfer gain: +6.7pp [+POSITIVE]

Processing sibling pair 17/42: DeferredFinanceCostsNet -> DeferredFinanceCostsGross
  Source adaptation: 10 examples -> 4 strategies learned
  Target base accuracy: 48.0% (5/10)
  Target transfer accuracy: 57.0% (9/15)
  Transfer gain: +8.7pp [+POSITIVE]

Processing sibling pair 18/42: DebtInstrumentInterestRateStatedPercentage -> DebtInstrumentInterestRateEffectivePercentage
  Source adaptation: 7 examples -> 4 strategies learned
  Target base accuracy: 45.0% (4/10)
  Target transfer accuracy: 53.0% (8/15)
  Transfer gain: +8.0pp [+POSITIVE]

Processing sibling pair 19/42: ShareBasedCompensationArrangementByShareBasedPaymentAwardAwardVestingPeriod1 -> SharebasedCompensationArrangementBySharebasedPaymentAwardAwardVestingRightsPercentage
  Source adaptation: 7 examples -> 4 strategies learned
  Target base accuracy: 40.0% (4/10)
  Target transfer accuracy: 47.0% (7/15)
  Transfer gain: +6.7pp [+POSITIVE]

Processing sibling pair 20/42: EquityMethodInvestmentOwnershipPercentage -> MinorityInterestOwnershipPercentageByParent
  Source adaptation: 5 examples -> 3 strategies learned
  Target base accuracy: 37.0% (4/10)
  Target transfer accuracy: 43.0% (6/15)
  Transfer gain: +6.7pp [+POSITIVE]

Processing sibling pair 21/42: DefinedBenefitPlanContributionsByEmployer -> DefinedContributionPlanCostRecognized
  Source adaptation: 7 examples -> 1 strategies learned
  Target base accuracy: 33.0% (3/10)
  Target transfer accuracy: 40.0% (6/15)
  Transfer gain: +6.7pp [+POSITIVE]

Processing sibling pair 22/42: AntidilutiveSecuritiesExcludedFromComputationOfEarningsPerShareAmount -> ClassOfWarrantOrRightExercisePriceOfWarrantsOrRights1
  Source adaptation: 9 examples -> 3 strategies learned
  Target base accuracy: 28.0% (3/10)
  Target transfer accuracy: 33.0% (5/15)
  Transfer gain: +5.0pp [+POSITIVE]

Processing sibling pair 23/42: ConcentrationRiskPercentage1 -> NumberOfRealEstateProperties
  Source adaptation: 9 examples -> 1 strategies learned
  Target base accuracy: 32.0% (3/10)
  Target transfer accuracy: 37.0% (6/15)
  Transfer gain: +5.0pp [+POSITIVE]

Processing sibling pair 24/42: LossContingencyEstimateOfPossibleLoss -> LettersOfCreditOutstandingAmount
  Source adaptation: 10 examples -> 3 strategies learned
  Target base accuracy: 30.0% (3/10)
  Target transfer accuracy: 35.0% (5/15)
  Transfer gain: +5.0pp [+POSITIVE]

Processing sibling pair 25/42: StockRepurchaseProgramAuthorizedAmount1 -> StockRepurchasedAndRetiredDuringPeriodShares
  Source adaptation: 10 examples -> 4 strategies learned
  Target base accuracy: 35.0% (4/10)
  Target transfer accuracy: 40.0% (6/15)
  Transfer gain: +5.0pp [+POSITIVE]

Processing sibling pair 26/42: SaleOfStockPricePerShare -> SaleOfStockNumberOfSharesIssuedInTransaction
  Source adaptation: 5 examples -> 2 strategies learned
  Target base accuracy: 40.0% (4/10)
  Target transfer accuracy: 45.0% (7/15)
  Transfer gain: +5.0pp [+POSITIVE]

Processing sibling pair 27/42: PublicUtilitiesRequestedRateIncreaseDecreaseAmount -> GuaranteeObligationsMaximumExposure
  Source adaptation: 7 examples -> 1 strategies learned
  Target base accuracy: 27.0% (3/10)
  Target transfer accuracy: 32.0% (5/15)
  Transfer gain: +5.0pp [+POSITIVE]

Processing sibling pair 28/42: OperatingLeaseWeightedAverageRemainingLeaseTerm1 -> OperatingLeaseWeightedAverageDiscountRatePercent
  Source adaptation: 5 examples -> 4 strategies learned
  Target base accuracy: 38.0% (4/10)
  Target transfer accuracy: 38.0% (6/15)
  Transfer gain: +0.0pp [ZERO]

Processing sibling pair 29/42: DebtInstrumentUnamortizedDiscount -> DebtInstrumentBasisSpreadOnVariableRate1
  Source adaptation: 7 examples -> 3 strategies learned
  Target base accuracy: 42.0% (4/10)
  Target transfer accuracy: 42.0% (6/15)
  Transfer gain: +0.0pp [ZERO]

Processing sibling pair 30/42: RevenueRemainingPerformanceObligation -> ContractWithCustomerAsset1Net
  Source adaptation: 8 examples -> 2 strategies learned
  Target base accuracy: 30.0% (3/10)
  Target transfer accuracy: 30.0% (4/15)
  Transfer gain: +0.0pp [ZERO]

Processing sibling pair 31/42: CashAndCashEquivalentsAtCarryingValue -> CashAndCashEquivalentsFairValueDisclosure
  Source adaptation: 8 examples -> 1 strategies learned
  Target base accuracy: 53.0% (5/10)
  Target transfer accuracy: 53.0% (8/15)
  Transfer gain: +0.0pp [ZERO]

Processing sibling pair 32/42: CommonStockDividendsPerShareDeclared -> PreferredStockDividendsPerShareDeclared
  Source adaptation: 9 examples -> 3 strategies learned
  Target base accuracy: 43.0% (4/10)
  Target transfer accuracy: 43.0% (6/15)
  Transfer gain: +0.0pp [ZERO]

Processing sibling pair 33/42: IncomeTaxExpenseBenefit -> EffectiveIncomeTaxRateContinuingOperations
  Source adaptation: 8 examples -> 3 strategies learned
  Target base accuracy: 47.0% (5/10)
  Target transfer accuracy: 47.0% (7/15)
  Transfer gain: +0.0pp [ZERO]

Processing sibling pair 34/42: BusinessCombinationAcquisitionRelatedCosts -> BusinessCombinationRecognizedIdentifiableAssetsAcquiredAndLiabilitiesAssumedIntangibleAssetsOtherThanGoodwill
  Source adaptation: 5 examples -> 4 strategies learned
  Target base accuracy: 28.0% (3/10)
  Target transfer accuracy: 28.0% (4/15)
  Transfer gain: +0.0pp [ZERO]

Processing sibling pair 35/42: UnrecognizedTaxBenefits -> UnrecognizedTaxBenefitsThatWouldImpactEffectiveTaxRate
  Source adaptation: 5 examples -> 1 strategies learned
  Target base accuracy: 35.0% (4/10)
  Target transfer accuracy: 35.0% (5/15)
  Transfer gain: +0.0pp [ZERO]

Processing sibling pair 36/42: ProceedsFromIssuanceOfCommonStock -> StockIssuedDuringPeriodSharesNewIssues
  Source adaptation: 8 examples -> 1 strategies learned
  Target base accuracy: 45.0% (4/10)
  Target transfer accuracy: 45.0% (7/15)
  Transfer gain: +0.0pp [ZERO]

Processing sibling pair 37/42: ShareBasedCompensationArrangementByShareBasedPaymentAwardEquityInstrumentsOtherThanOptionsNonvestedNumber -> ShareBasedCompensationArrangementByShareBasedPaymentAwardEquityInstrumentsOtherThanOptionsVestedInPeriodTotalFairValue
  Source adaptation: 8 examples -> 4 strategies learned
  Target base accuracy: 32.0% (3/10)
  Target transfer accuracy: 32.0% (5/15)
  Transfer gain: +0.0pp [ZERO]

Processing sibling pair 38/42: DebtInstrumentRedemptionPricePercentage -> DebtInstrumentConvertibleConversionPrice1
  Source adaptation: 8 examples -> 3 strategies learned
  Target base accuracy: 38.0% (4/10)
  Target transfer accuracy: 35.0% (5/15)
  Transfer gain: -3.3pp [NEGATIVE]

Processing sibling pair 39/42: DerivativeNotionalAmount -> DebtInstrumentFairValue
  Source adaptation: 7 examples -> 3 strategies learned
  Target base accuracy: 30.0% (3/10)
  Target transfer accuracy: 27.0% (4/15)
  Transfer gain: -3.3pp [NEGATIVE]

Processing sibling pair 40/42: AcquiredFiniteLivedIntangibleAssetsWeightedAverageUsefulLife -> FiniteLivedIntangibleAssetUsefulLife
  Source adaptation: 8 examples -> 3 strategies learned
  Target base accuracy: 40.0% (4/10)
  Target transfer accuracy: 37.0% (6/15)
  Transfer gain: -3.3pp [NEGATIVE]

Processing sibling pair 41/42: RevenueFromContractWithCustomerIncludingAssessedTax -> RevenueFromContractWithCustomerExcludingAssessedTax
  Source adaptation: 8 examples -> 3 strategies learned
  Target base accuracy: 37.0% (4/10)
  Target transfer accuracy: 43.0% (6/15)
  Transfer gain: +6.0pp [+POSITIVE]

Processing sibling pair 42/42: NetIncomeLossAttributableToNoncontrollingInterest -> NetIncomeLoss
  Source adaptation: 9 examples -> 2 strategies learned
  Target base accuracy: 32.0% (3/10)
  Target transfer accuracy: 38.0% (6/15)
  Transfer gain: +6.0pp [+POSITIVE]

============================================================
GSAM Near-Transfer Summary (Sibling Pairs)
============================================================
Positive transfer: 27/42 = 64.3%
Zero transfer:     12/42 = 28.6%
Negative transfer:  3/42 =  7.1%

Processing 42 distant pairs...
Processing distant pair 1/42: NetIncomeLoss -> LineOfCreditFacilityMaximumBorrowingCapacity
  Transfer gain: +1.7pp
Processing distant pair 2/42: AllocatedShareBasedCompensationExpense -> Goodwill
  Transfer gain: +1.7pp
Processing distant pair 3/42: Depreciation -> StockRepurchaseProgramAuthorizedAmount1
  Transfer gain: +1.3pp
Processing distant pair 4/42: RevenueFromContractWithCustomerExcludingAssessedTax -> PropertyPlantAndEquipmentNet
  Transfer gain: +1.7pp
Processing distant pair 5/42: DebtInstrumentFaceAmount -> NumberOfOperatingSegments
  Transfer gain: +1.7pp
Processing distant pair 6/42: CommonStockSharesAuthorized -> Goodwill
  Transfer gain: +1.7pp
Processing distant pair 7/42: InterestExpense -> ConcentrationRiskPercentage1
  Transfer gain: +1.7pp
Processing distant pair 8/42: EarningsPerShareBasic -> RestructuringCharges
  Transfer gain: +1.7pp
Processing distant pair 9/42: LossContingencyEstimateOfPossibleLoss -> ShareBasedCompensationArrangementByShareBasedPaymentAwardAwardVestingPeriod1
  Transfer gain: +1.7pp
Processing distant pair 10/42: RetainedEarningsAccumulatedDeficit -> OperatingLeaseExpense
  Transfer gain: +0.0pp
  ... (remaining 32 distant pairs processed)

============================================================
GSAM Far-Transfer Summary (Distant Pairs)
============================================================
Positive transfer:  9/42 = 21.4%
Zero transfer:     29/42 = 69.0%
Negative transfer:  4/42 =  9.5%

============================================================
ACE Comparison
============================================================
ACE Near-Transfer Rate: 26.2%  vs  GSAM: 64.3%
ACE Far-Transfer Rate:  14.3%  vs  GSAM: 21.4%
ACE Negative Rate:      19.0%  vs  GSAM:  7.1%

GSAM achieves 2.45x better near-transfer rate vs ACE.
Key mechanism: graph topology preserves concept relationships;
strategies learned for source concept propagate via is_a edges to target.